main INFO  support.DefaultTestContextBootstrapper - Loaded default TestExecutionListener class names from location [META-INF/spring.factories]: [org.springframework.test.context.web.ServletTestExecutionListener, org.springframework.test.context.support.DirtiesContextBeforeModesTestExecutionListener, org.springframework.test.context.support.DependencyInjectionTestExecutionListener, org.springframework.test.context.support.DirtiesContextTestExecutionListener, org.springframework.test.context.transaction.TransactionalTestExecutionListener, org.springframework.test.context.jdbc.SqlScriptsTestExecutionListener]
main INFO  support.DefaultTestContextBootstrapper - Using TestExecutionListeners: [org.springframework.test.context.web.ServletTestExecutionListener@7daa0fbd, org.springframework.test.context.support.DirtiesContextBeforeModesTestExecutionListener@42530531, org.springframework.test.context.support.DependencyInjectionTestExecutionListener@5a3bc7ed, org.springframework.test.context.support.DirtiesContextTestExecutionListener@181e731e, org.springframework.test.context.transaction.TransactionalTestExecutionListener@35645047, org.springframework.test.context.jdbc.SqlScriptsTestExecutionListener@6f44a157]
main INFO  xml.XmlBeanDefinitionReader - Loading XML bean definitions from URL [file:src/main/resources/applicationContext.xml]
main INFO  xml.XmlBeanDefinitionReader - Loading XML bean definitions from URL [file:src/main/resources/springMongo.xml]
main INFO  support.DefaultListableBeanFactory - Overriding bean definition for bean 'mongoMappingContext' with a different definition: replacing [Root bean: class [org.springframework.data.mongodb.core.mapping.MongoMappingContext]; scope=; abstract=false; lazyInit=false; autowireMode=0; dependencyCheck=0; autowireCandidate=true; primary=false; factoryBeanName=null; factoryMethodName=null; initMethodName=null; destroyMethodName=null] with [Generic bean: class [org.springframework.data.mongodb.core.mapping.MongoMappingContext]; scope=; abstract=false; lazyInit=false; autowireMode=0; dependencyCheck=0; autowireCandidate=true; primary=false; factoryBeanName=null; factoryMethodName=null; initMethodName=null; destroyMethodName=null]
main INFO  support.DefaultListableBeanFactory - Overriding bean definition for bean 'mongoMappingContext' with a different definition: replacing [Generic bean: class [org.springframework.data.mongodb.core.mapping.MongoMappingContext]; scope=; abstract=false; lazyInit=false; autowireMode=0; dependencyCheck=0; autowireCandidate=true; primary=false; factoryBeanName=null; factoryMethodName=null; initMethodName=null; destroyMethodName=null] with [Generic bean: class [org.springframework.data.mongodb.core.mapping.MongoMappingContext]; scope=; abstract=false; lazyInit=false; autowireMode=0; dependencyCheck=0; autowireCandidate=true; primary=false; factoryBeanName=null; factoryMethodName=null; initMethodName=null; destroyMethodName=null; defined in URL [file:src/main/resources/springMongo.xml]]
main INFO  xml.XmlBeanDefinitionReader - Loading XML bean definitions from URL [file:src/main/resources/dispatcher-servlet.xml]
main INFO  support.GenericApplicationContext - Refreshing org.springframework.context.support.GenericApplicationContext@332796d3: startup date [Mon Sep 12 13:57:55 CST 2016]; root of context hierarchy
main INFO  driver.cluster - Cluster created with settings {hosts=[localhost:27017], mode=SINGLE, requiredClusterType=UNKNOWN, serverSelectionTimeout='30000 ms', maxWaitQueueSize=50}
cluster-ClusterId{value='57d643e462b6aa2f08d64690', description='null'}-localhost:27017 INFO  driver.connection - Opened connection [connectionId{localValue:1, serverValue:75}] to localhost:27017
cluster-ClusterId{value='57d643e462b6aa2f08d64690', description='null'}-localhost:27017 INFO  driver.cluster - Monitor thread successfully connected to server with description ServerDescription{address=localhost:27017, type=STANDALONE, state=CONNECTED, ok=true, version=ServerVersion{versionList=[3, 2, 9]}, minWireVersion=0, maxWireVersion=4, maxDocumentSize=16777216, roundTripTimeNanos=442406}
main INFO  driver.connection - Opened connection [connectionId{localValue:2, serverValue:76}] to localhost:27017
main INFO  util.Version - HV000001: Hibernate Validator 5.2.4.Final
main INFO  annotation.RequestMappingHandlerMapping - Mapped "{[/pestSearch],methods=[POST]}" onto public com.jecyhw.response.Response<?> com.jecyhw.controller.DiseasePestController.baikePestSearch(java.lang.String)
main INFO  annotation.RequestMappingHandlerMapping - Mapped "{[/diseaseSearch],methods=[POST]}" onto public com.jecyhw.response.Response<?> com.jecyhw.controller.DiseasePestController.baikeDiseaseSearch(java.lang.String)
main INFO  annotation.RequestMappingHandlerMapping - Mapped "{[/pestCollection.xml],methods=[GET]}" onto public java.lang.String com.jecyhw.controller.DiseasePestController.pestCollection()
main INFO  annotation.RequestMappingHandlerMapping - Mapped "{[]}" onto public org.springframework.web.servlet.ModelAndView com.jecyhw.controller.DiseasePestController.index()
main INFO  annotation.RequestMappingHandlerMapping - Mapped "{[/all],methods=[GET]}" onto public org.springframework.web.servlet.ModelAndView com.jecyhw.controller.DiseasePestController.all()
main INFO  annotation.RequestMappingHandlerAdapter - Looking for @ControllerAdvice: org.springframework.context.support.GenericApplicationContext@332796d3: startup date [Mon Sep 12 13:57:55 CST 2016]; root of context hierarchy
main INFO  annotation.RequestMappingHandlerAdapter - Looking for @ControllerAdvice: org.springframework.context.support.GenericApplicationContext@332796d3: startup date [Mon Sep 12 13:57:55 CST 2016]; root of context hierarchy
main INFO  handler.SimpleUrlHandlerMapping - Mapped URL path [/**] onto handler 'org.springframework.web.servlet.resource.ResourceHttpRequestHandler#0'
Thread-1 INFO  support.GenericApplicationContext - Closing org.springframework.context.support.GenericApplicationContext@332796d3: startup date [Mon Sep 12 13:57:55 CST 2016]; root of context hierarchy
