main INFO  support.DefaultTestContextBootstrapper - Loaded default TestExecutionListener class names from location [META-INF/spring.factories]: [org.springframework.test.context.web.ServletTestExecutionListener, org.springframework.test.context.support.DirtiesContextBeforeModesTestExecutionListener, org.springframework.test.context.support.DependencyInjectionTestExecutionListener, org.springframework.test.context.support.DirtiesContextTestExecutionListener, org.springframework.test.context.transaction.TransactionalTestExecutionListener, org.springframework.test.context.jdbc.SqlScriptsTestExecutionListener]
main INFO  support.DefaultTestContextBootstrapper - Using TestExecutionListeners: [org.springframework.test.context.web.ServletTestExecutionListener@19bb07ed, org.springframework.test.context.support.DirtiesContextBeforeModesTestExecutionListener@10e41621, org.springframework.test.context.support.DependencyInjectionTestExecutionListener@353d0772, org.springframework.test.context.support.DirtiesContextTestExecutionListener@2667f029, org.springframework.test.context.transaction.TransactionalTestExecutionListener@67a20f67, org.springframework.test.context.jdbc.SqlScriptsTestExecutionListener@57c758ac]
main INFO  xml.XmlBeanDefinitionReader - Loading XML bean definitions from URL [file:src/main/resources/applicationContext.xml]
main INFO  xml.XmlBeanDefinitionReader - Loading XML bean definitions from URL [file:src/main/resources/springMongo.xml]
main INFO  support.DefaultListableBeanFactory - Overriding bean definition for bean 'mongoMappingContext' with a different definition: replacing [Root bean: class [org.springframework.data.mongodb.core.mapping.MongoMappingContext]; scope=; abstract=false; lazyInit=false; autowireMode=0; dependencyCheck=0; autowireCandidate=true; primary=false; factoryBeanName=null; factoryMethodName=null; initMethodName=null; destroyMethodName=null] with [Generic bean: class [org.springframework.data.mongodb.core.mapping.MongoMappingContext]; scope=; abstract=false; lazyInit=false; autowireMode=0; dependencyCheck=0; autowireCandidate=true; primary=false; factoryBeanName=null; factoryMethodName=null; initMethodName=null; destroyMethodName=null]
main INFO  support.DefaultListableBeanFactory - Overriding bean definition for bean 'mongoMappingContext' with a different definition: replacing [Generic bean: class [org.springframework.data.mongodb.core.mapping.MongoMappingContext]; scope=; abstract=false; lazyInit=false; autowireMode=0; dependencyCheck=0; autowireCandidate=true; primary=false; factoryBeanName=null; factoryMethodName=null; initMethodName=null; destroyMethodName=null] with [Generic bean: class [org.springframework.data.mongodb.core.mapping.MongoMappingContext]; scope=; abstract=false; lazyInit=false; autowireMode=0; dependencyCheck=0; autowireCandidate=true; primary=false; factoryBeanName=null; factoryMethodName=null; initMethodName=null; destroyMethodName=null; defined in URL [file:src/main/resources/springMongo.xml]]
main INFO  xml.XmlBeanDefinitionReader - Loading XML bean definitions from URL [file:src/main/resources/dispatcher-servlet.xml]
main INFO  support.GenericApplicationContext - Refreshing org.springframework.context.support.GenericApplicationContext@3ce1e309: startup date [Thu Sep 15 09:29:22 CST 2016]; root of context hierarchy
main INFO  config.PropertyPlaceholderConfigurer - Loading properties file from class path resource [application.properties]
main INFO  driver.cluster - Cluster created with settings {hosts=[localhost:27017], mode=SINGLE, requiredClusterType=UNKNOWN, serverSelectionTimeout='30000 ms', maxWaitQueueSize=50}
cluster-ClusterId{value='57d9f97234a89532164bfbd4', description='null'}-localhost:27017 INFO  driver.connection - Opened connection [connectionId{localValue:1, serverValue:19}] to localhost:27017
cluster-ClusterId{value='57d9f97234a89532164bfbd4', description='null'}-localhost:27017 INFO  driver.cluster - Monitor thread successfully connected to server with description ServerDescription{address=localhost:27017, source=STANDALONE, state=CONNECTED, ok=true, version=ServerVersion{versionList=[3, 2, 9]}, minWireVersion=0, maxWireVersion=4, maxDocumentSize=16777216, roundTripTimeNanos=594115}
main INFO  driver.connection - Opened connection [connectionId{localValue:2, serverValue:20}] to localhost:27017
main INFO  util.Version - HV000001: Hibernate Validator 5.2.4.Final
main INFO  annotation.RequestMappingHandlerMapping - Mapped "{[/pivotViewer],methods=[GET]}" onto public org.springframework.web.servlet.ModelAndView com.jecyhw.controller.DiseasePestController.pivotViewer()
main INFO  annotation.RequestMappingHandlerMapping - Mapped "{[/diseaseSearch],methods=[POST]}" onto public com.jecyhw.response.Response<?> com.jecyhw.controller.DiseasePestController.baikeDiseaseSearch(java.lang.String)
main INFO  annotation.RequestMappingHandlerMapping - Mapped "{[/pestDeepZoomFiles.xml],methods=[GET]}" onto public java.lang.String com.jecyhw.controller.DiseasePestController.pestDeepZoomFiles()
main INFO  annotation.RequestMappingHandlerMapping - Mapped "{[/pestPivotViewer.cxml],methods=[GET],produces=[application/json;charset=utf-8]}" onto public java.lang.String com.jecyhw.controller.DiseasePestController.pestPivotViewer()
main INFO  annotation.RequestMappingHandlerMapping - Mapped "{[/pestSearch],methods=[POST]}" onto public com.jecyhw.response.Response<?> com.jecyhw.controller.DiseasePestController.baikePestSearch(java.lang.String)
main INFO  annotation.RequestMappingHandlerMapping - Mapped "{[]}" onto public org.springframework.web.servlet.ModelAndView com.jecyhw.controller.DiseasePestController.index()
main INFO  annotation.RequestMappingHandlerMapping - Mapped "{[/all],methods=[GET]}" onto public org.springframework.web.servlet.ModelAndView com.jecyhw.controller.DiseasePestController.all()
main INFO  annotation.RequestMappingHandlerAdapter - Looking for @ControllerAdvice: org.springframework.context.support.GenericApplicationContext@3ce1e309: startup date [Thu Sep 15 09:29:22 CST 2016]; root of context hierarchy
main INFO  annotation.RequestMappingHandlerAdapter - Looking for @ControllerAdvice: org.springframework.context.support.GenericApplicationContext@3ce1e309: startup date [Thu Sep 15 09:29:22 CST 2016]; root of context hierarchy
main INFO  handler.SimpleUrlHandlerMapping - Mapped URL path [/content/**] onto handler 'org.springframework.web.servlet.resource.ResourceHttpRequestHandler#0'
main INFO  handler.SimpleUrlHandlerMapping - Mapped URL path [/**] onto handler 'org.springframework.web.servlet.resource.ResourceHttpRequestHandler#1'
